denizzqq,  30.05.2022, 00:21:11, 2020dcb26e19ea194c6577d6591514675381b97e
Korrektur Blatt 3

Aufgabe 4.1
	Checks Implementation of testPermutation: 15/15
	Checks Implementation of testPermutation: 10/10
	Checks Implementation of testPermutation: 10/10
Total points for Aufgabe 4.1: 35/35

Aufgabe 4.2
	Checks Implementation of testDerangements: 9/9
	Checks Implementation of testDerangements: 9/9
	Checks Implementation of testDerangements: 8/8
	Checks Implementation of testDerangements: 9/9
Total points for Aufgabe 4.2: 35/35

Aufgabe 4.3
	Checks Implementation of testsameElements: 0/15
	  java.lang.RuntimeException: Testcase 0: The test did not assert correctly, even though the method works.
	Checks Implementation of testsameElements: 0/15
	  java.lang.RuntimeException: Testcase 2: The test did not assert correctly, even though the elements are the same.
Total points for Aufgabe 4.3: 0/30

Total points: 70/100
